Compiling lib/main.dart for the Web...                          
Wasm dry run findings:
Found incompatibilities with WebAssembly.

file:///Users/mohamedhosam/.pub-cache/hosted/pub.dev/flutter_timezone-5.0.1/lib/flutter_timezone_web.dart 39:22 - invalid_runtime_check_with_js_interop_types lint violation: Cast from 'JSFunction?' to 'List<String> Function(String)?' casts a JS interop value to a Dart type, which might not be platform-consistent. (8)

Consider addressing these issues to enable wasm builds. See docs for more info: https://docs.flutter.dev/platform-integration/web/wasm

Use --no-wasm-dry-run to disable these warnings.
This application cannot tree shake icons fonts. It has non-constant instances of IconData at the following locations:
  - file:///Users/mohamedhosam/el%20warshah/el_warsha/lib/models/category_data.dart:33:13
Target web_release_bundle failed: Error: Avoid non-constant invocations of IconData or try to build again with --no-tree-shake-icons.
#0      throwToolExit (package:flutter_tools/src/base/common.dart:34:3)
#1      IconTreeShaker._findConstants (package:flutter_tools/src/build_system/targets/icon_tree_shaker.dart:327:7)
<asynchronous suspension>
#2      IconTreeShaker._getIconData (package:flutter_tools/src/build_system/targets/icon_tree_shaker.dart:113:45)
<asynchronous suspension>
#3      IconTreeShaker.subsetFont (package:flutter_tools/src/build_system/targets/icon_tree_shaker.dart:181:5)
<asynchronous suspension>
#4      copyAssets.<anonymous closure> (package:flutter_tools/src/build_system/targets/assets.dart:151:25)
<asynchronous suspension>
#5      Future.wait.<anonymous closure> (dart:async/future.dart:546:21)
<asynchronous suspension>
#6      copyAssets (package:flutter_tools/src/build_system/targets/assets.dart:111:3)
<asynchronous suspension>
#7      WebReleaseBundle.build (package:flutter_tools/src/build_system/targets/web.dart:614:29)
<asynchronous suspension>
#8      _BuildInstance._invokeInternal (package:flutter_tools/src/build_system/build_system.dart:937:9)
<asynchronous suspension>
#9      Future.wait.<anonymous closure> (dart:async/future.dart:546:21)
<asynchronous suspension>
#10     _BuildInstance.invokeTarget (package:flutter_tools/src/build_system/build_system.dart:875:32)
<asynchronous suspension>
#11     FlutterBuildSystem.build (package:flutter_tools/src/build_system/build_system.dart:684:16)
<asynchronous suspension>
#12     WebBuilder.buildWeb (package:flutter_tools/src/web/compile.dart:107:34)
<asynchronous suspension>
#13     BuildWebCommand.runCommand (package:flutter_tools/src/commands/build_web.dart:300:5)
<asynchronous suspension>
#14     FlutterCommand.run.<anonymous closure> (package:flutter_tools/src/runner/flutter_command.dart:1590:27)
<asynchronous suspension>
#15     AppContext.run.<anonymous closure> (package:flutter_tools/src/base/context.dart:154:19)
<asynchronous suspension>
#16     CommandRunner.runCommand (package:args/command_runner.dart:212:13)
<asynchronous suspension>
#17     FlutterCommandRunner.runCommand.<anonymous closure> (package:flutter_tools/src/runner/flutter_command_runner.dart:496:9)
<asynchronous suspension>
#18     AppContext.run.<anonymous closure> (package:flutter_tools/src/base/context.dart:154:19)
<asynchronous suspension>
#19     FlutterCommandRunner.runCommand (package:flutter_tools/src/runner/flutter_command_runner.dart:431:5)
<asynchronous suspension>
#20     FlutterCommandRunner.run.<anonymous closure> (package:flutter_tools/src/runner/flutter_command_runner.dart:307:33)
<asynchronous suspension>
#21     run.<anonymous closure>.<anonymous closure> (package:flutter_tools/runner.dart:104:11)
<asynchronous suspension>
#22     AppContext.run.<anonymous closure> (package:flutter_tools/src/base/context.dart:154:19)
<asynchronous suspension>
#23     main (package:flutter_tools/executable.dart:103:3)
<asynchronous suspension>

Compiling lib/main.dart for the Web...                             58.8s
Error: Failed to compile application for the Web.
